<?xml version="1.0" encoding="utf-8" standalone="no"?>
<!--This file represents the results of running a test suite-->
<test-results name="C:\github\Caelum.Leilao\Caelum.Leilao\bin\Debug\Caelum.Leilao.dll" total="0" errors="0" failures="0" not-run="0" inconclusive="0" ignored="0" skipped="0" invalid="0" date="2018-10-30" time="14:46:55">
  <environment nunit-version="2.7.0.0" clr-version="2.0.50727.8662" os-version="Microsoft Windows NT 6.2.9200.0" platform="Win32NT" cwd="C:\Program Files (x86)\NUnit 2.7.0\bin" machine-name="NBBV027477" user="pietrogori" user-domain="BRQ" />
  <culture-info current-culture="pt-BR" current-uiculture="pt-BR" />
  <test-suite type="Assembly" name="C:\github\Caelum.Leilao\Caelum.Leilao\bin\Debug\Caelum.Leilao.dll" executed="True" result="Inconclusive" success="False" time="0.012" asserts="0" />
</test-results>