<?xml version="1.0" encoding="utf-8" standalone="no"?>
<!--This file represents the results of running a test suite-->
<test-results name="C:\github\Caelum.Leilao\Caelum.Leilao.Tests\bin\Debug\Caelum.Leilao.Tests.dll" total="1" errors="0" failures="0" not-run="0" inconclusive="0" ignored="0" skipped="0" invalid="0" date="2018-10-30" time="19:18:53">
  <environment nunit-version="2.7.0.0" clr-version="2.0.50727.8662" os-version="Microsoft Windows NT 6.2.9200.0" platform="Win32NT" cwd="C:\Program Files (x86)\NUnit 2.7.0\bin" machine-name="NBBV027477" user="pietrogori" user-domain="BRQ" />
  <culture-info current-culture="pt-BR" current-uiculture="pt-BR" />
  <test-suite type="Assembly" name="C:\github\Caelum.Leilao\Caelum.Leilao.Tests\bin\Debug\Caelum.Leilao.Tests.dll" executed="True" result="Success" success="True" time="0.045" asserts="0">
    <results>
      <test-suite type="Namespace" name="Caelum" executed="True" result="Success" success="True" time="0.038" asserts="0">
        <results>
          <test-suite type="Namespace" name="Leilao" executed="True" result="Success" success="True" time="0.037" asserts="0">
            <results>
              <test-suite type="TestFixture" name="TesteDoAvaliador" executed="True" result="Success" success="True" time="0.036" asserts="0">
                <results>
                  <test-case name="Caelum.Leilao.TesteDoAvaliador.MediaDosLancesTest" executed="True" result="Success" success="True" time="0.031" asserts="1" />
                </results>
              </test-suite>
            </results>
          </test-suite>
        </results>
      </test-suite>
    </results>
  </test-suite>
</test-results>